2025-08-17 16:08:17,096 - nopcommerce - INFO - ************** Test_001_Login *********** 
2025-08-17 16:08:17,096 - nopcommerce - INFO - ************** verifing home page *********** 
2025-08-17 16:08:20,440 - nopcommerce - INFO - *********** Home page passed ***********
2025-08-17 16:08:21,579 - nopcommerce - INFO - *********** verifing login test ***********
2025-08-17 16:08:25,818 - nopcommerce - INFO - *********** verifing login test is passed ***********
2025-08-17 16:21:45,271 - nopcommerce - INFO - ************** Test_001_Login *********** 
2025-08-17 16:21:45,271 - nopcommerce - INFO - ************** verifing home page *********** 
2025-08-17 16:21:49,890 - nopcommerce - INFO - *********** Home page passed ***********
2025-08-17 16:21:51,235 - nopcommerce - INFO - *********** verifing login test ***********
2025-08-17 16:23:27,704 - nopcommerce - INFO - *********** verifing login test is passed ***********
2025-08-17 16:25:02,124 - nopcommerce - INFO - ************** Test_001_Login *********** 
2025-08-17 16:25:02,124 - nopcommerce - INFO - ************** verifing home page *********** 
2025-08-17 16:25:03,564 - nopcommerce - INFO - *********** Home page passed ***********
2025-08-17 16:25:04,991 - nopcommerce - INFO - *********** verifing login test ***********
2025-08-17 16:25:08,412 - nopcommerce - INFO - *********** verifing login test is passed ***********
2025-08-17 16:30:12,935 - nopcommerce - INFO - ************** Test_001_Login *********** 
2025-08-17 16:30:12,935 - nopcommerce - INFO - ************** verifing home page *********** 
2025-08-17 16:30:15,167 - nopcommerce - INFO - *********** Home page passed ***********
2025-08-17 16:30:16,492 - nopcommerce - INFO - *********** verifing login test ***********
2025-08-17 16:30:20,804 - nopcommerce - INFO - *********** verifing login test is passed ***********
2025-08-17 16:31:15,747 - nopcommerce - INFO - *********** verifing login test ***********
2025-08-17 16:31:15,747 - nopcommerce - INFO - ************** verifing home page *********** 
2025-08-17 16:31:17,283 - nopcommerce - INFO - *********** Home page passed ***********
2025-08-17 16:48:11,470 - nopcommerce - INFO - *********** verifing login test ***********
2025-08-17 16:48:11,470 - nopcommerce - INFO - ************** verifing home page *********** 
2025-08-17 16:48:13,499 - nopcommerce - INFO - *********** Home page passed ***********
2025-08-17 16:48:18,163 - nopcommerce - INFO - *********** verifing login test is passed ***********
2025-08-17 16:50:41,682 - nopcommerce - INFO - ************** Test_001_Login *********** 
2025-08-17 16:50:41,683 - nopcommerce - INFO - *********** verifing login test ***********
2025-08-17 16:50:41,683 - nopcommerce - INFO - ************** verifing home page *********** 
2025-08-17 16:50:43,172 - nopcommerce - INFO - *********** Home page passed ***********
2025-08-17 16:50:49,385 - nopcommerce - INFO - *********** verifing login test is passed ***********
2025-08-17 16:54:13,710 - nopcommerce - INFO - ************** Test_001_Login *********** 
2025-08-17 16:54:13,710 - nopcommerce - INFO - ************** verifing home page *********** 
2025-08-17 16:54:13,710 - nopcommerce - INFO - *********** verifing login test ***********
2025-08-17 16:54:15,931 - nopcommerce - INFO - *********** Home page passed ***********
